<?xml version="1.0" encoding="UTF-8"?>
<!-- Generated by org.testng.reporters.JUnitXMLReporter -->
<testsuite ignored="0" hostname="DESKTOP-NS38PK1" failures="0" tests="3" name="Testng" time="138.533" errors="0" timestamp="09 Feb 2024 16:08:08 GMT">
  <testcase classname="org.TestNGSpecialCase.ParallelExecution" name="fbLogin" time="69.059"/>
  <testcase classname="org.TestNGSpecialCase.ParallelExecution" name="instagarmLogin" time="26.752"/>
  <testcase classname="org.TestNGSpecialCase.ParallelExecution" name="theardLogin" time="42.638"/>
</testsuite> <!-- Testng -->
